Config file ../snakemake/config/config.yaml is extended by additional config specified via the command line.
Building DAG of jobs...
Using shell: /bin/bash
Provided cores: 2
Rules claiming more threads will be scaled down.
Conda environments: ignored
Job stats:
job                        count
-----------------------  -------
distanceMatrixFormation        1
total                          1

Resources before job selection: {'_cores': 2, '_nodes': 9223372036854775807}
Ready jobs (1)
Select jobs to execute...
Selected jobs (1)
Resources after job selection: {'_cores': 1, '_nodes': 9223372036854775806}

[Thu Dec  7 16:37:24 2023]
rule distanceMatrixFormation:
    output: res/1distanceMatrixFormation.done
    jobid: 0
    reason: Missing output files: res/1distanceMatrixFormation.done
    resources: tmpdir=/var/folders/qx/45c8cdmd6rx_np70td6hmvhr0000gn/T

Waiting at most 5 seconds for missing files.
Full Traceback (most recent call last):
  File "/Users/windsorkoh/mambaforge/lib/python3.10/site-packages/snakemake/dag.py", line 605, in check_and_touch_output
    wait_for_files(
  File "/Users/windsorkoh/mambaforge/lib/python3.10/site-packages/snakemake/io.py", line 881, in wait_for_files
    raise IOError(
OSError: Missing files after 5 seconds. This might be due to filesystem latency. If that is the case, consider to increase the wait time with --latency-wait:
res/1distanceMatrixFormation.done

During handling of the above exception, another exception occurred:

Traceback (most recent call last):
  File "/Users/windsorkoh/mambaforge/lib/python3.10/site-packages/snakemake/scheduler.py", line 650, in _finish_jobs
    self.get_executor(job).handle_job_success(job)
  File "/Users/windsorkoh/mambaforge/lib/python3.10/site-packages/snakemake/executors/__init__.py", line 730, in handle_job_success
    super().handle_job_success(job)
  File "/Users/windsorkoh/mambaforge/lib/python3.10/site-packages/snakemake/executors/__init__.py", line 293, in handle_job_success
    job.postprocess(
  File "/Users/windsorkoh/mambaforge/lib/python3.10/site-packages/snakemake/jobs.py", line 1178, in postprocess
    self.dag.check_and_touch_output(
  File "/Users/windsorkoh/mambaforge/lib/python3.10/site-packages/snakemake/dag.py", line 612, in check_and_touch_output
    raise MissingOutputException(
snakemake.exceptions.MissingOutputException: Job 0 completed successfully, but some output files are missing. Missing files after 5 seconds. This might be due to filesystem latency. If that is the case, consider to increase the wait time with --latency-wait:
res/1distanceMatrixFormation.done

MissingOutputException in rule distanceMatrixFormation in file /Users/windsorkoh/Desktop/git/snakemake/workflow/Snakefile, line 9:
Job 0 completed successfully, but some output files are missing. Missing files after 5 seconds. This might be due to filesystem latency. If that is the case, consider to increase the wait time with --latency-wait:
res/1distanceMatrixFormation.done
Shutting down, this might take some time.
Exiting because a job execution failed. Look above for error message
Complete log: .snakemake/log/2023-12-07T163724.191480.snakemake.log
unlocking
removing lock
removing lock
removed all locks
